VR Roll a ball/Temp/gradleOut/launcher/build/outputs/logs/manifest-merger-release-report.txt
-- Merging decision tree log ---
manifest
ADDED from src/main/AndroidManifest.xml:3:1-6:12
INJECTED from src/main/AndroidManifest.xml:3:1-6:12
INJECTED from src/main/AndroidManifest.xml:3:1-6:12
INJECTED from src/main/AndroidManifest.xml:3:1-6:12
MERGED from [:unityLibrary] AndroidManifest.xml:3:1-88:12
MERGED from [:OVRPlugin:] AndroidManifest.xml:2:1-9:12
INJECTED from src/main/AndroidManifest.xml:3:1-6:12
INJECTED from src/main/AndroidManifest.xml:3:1-6:12
INJECTED from src/main/AndroidManifest.xml:3:1-6:12
	package
		ADDED from src/main/AndroidManifest.xml:3:70-110
		INJECTED from src/main/AndroidManifest.xml
		INJECTED from src/main/AndroidManifest.xml
	android:versionName
		INJECTED from src/main/AndroidManifest.xml
		ADDED from src/main/AndroidManifest.xml:3:1-6:12
		INJECTED from src/main/AndroidManifest.xml
	xmlns:tools
		ADDED from src/main/AndroidManifest.xml:3:111-157
	android:versionCode
		INJECTED from src/main/AndroidManifest.xml
		ADDED from src/main/AndroidManifest.xml:3:1-6:12
		INJECTED from src/main/AndroidManifest.xml
	xmlns:android
		ADDED from src/main/AndroidManifest.xml:3:11-69
	android:installLocation
		ADDED from src/main/AndroidManifest.xml:3:158-188
supports-screens
ADDED from src/main/AndroidManifest.xml:4:3-163
	android:largeScreens
		ADDED from src/main/AndroidManifest.xml:4:78-105
	android:smallScreens
		ADDED from src/main/AndroidManifest.xml:4:21-48
	android:normalScreens
		ADDED from src/main/AndroidManifest.xml:4:49-77
	android:xlargeScreens
		ADDED from src/main/AndroidManifest.xml:4:106-134
	android:anyDensity
		ADDED from src/main/AndroidManifest.xml:4:135-160
application
ADDED from src/main/AndroidManifest.xml:5:3-83
MERGED from [:unityLibrary] AndroidManifest.xml:39:5-86:19
MERGED from [:unityLibrary] AndroidManifest.xml:39:5-86:19
	android:label
		ADDED from src/main/AndroidManifest.xml:5:16-48
	android:allowBackup
		ADDED from [:unityLibrary] AndroidManifest.xml:40:9-36
	android:icon
		ADDED from src/main/AndroidManifest.xml:5:49-80
	android:networkSecurityConfig
		ADDED from [:unityLibrary] AndroidManifest.xml:43:9-64
uses-sdk
INJECTED from src/main/AndroidManifest.xml reason: use-sdk injection requested
INJECTED from src/main/AndroidManifest.xml
INJECTED from src/main/AndroidManifest.xml
MERGED from [:unityLibrary] AndroidManifest.xml:10:5-12:41
MERGED from [:unityLibrary] AndroidManifest.xml:10:5-12:41
MERGED from [:OVRPlugin:] AndroidManifest.xml:7:5-47
MERGED from [:OVRPlugin:] AndroidManifest.xml:7:5-47
INJECTED from src/main/AndroidManifest.xml
INJECTED from src/main/AndroidManifest.xml
	android:targetSdkVersion
		INJECTED from src/main/AndroidManifest.xml
		ADDED from src/main/AndroidManifest.xml
		INJECTED from src/main/AndroidManifest.xml
	android:minSdkVersion
		INJECTED from src/main/AndroidManifest.xml
		ADDED from src/main/AndroidManifest.xml
		MERGED from src/main/AndroidManifest.xml
		INJECTED from src/main/AndroidManifest.xml
uses-feature#0x00030000
ADDED from [:unityLibrary] AndroidManifest.xml:14:5-54
	android:glEsVersion
		ADDED from [:unityLibrary] AndroidManifest.xml:14:19-51
supports-gl-texture#GL_KHR_texture_compression_astc_ldr
ADDED from [:unityLibrary] AndroidManifest.xml:16:5-79
	android:name
		ADDED from [:unityLibrary] AndroidManifest.xml:16:26-76
uses-permission#android.permission.INTERNET
ADDED from [:unityLibrary] AndroidManifest.xml:18:5-67
	android:name
		ADDED from [:unityLibrary] AndroidManifest.xml:18:22-64
uses-permission#android.permission.RECORD_AUDIO
ADDED from [:unityLibrary] AndroidManifest.xml:19:5-71
	android:name
		ADDED from [:unityLibrary] AndroidManifest.xml:19:22-68
uses-permission#android.permission.MODIFY_AUDIO_SETTINGS
ADDED from [:unityLibrary] AndroidManifest.xml:20:5-80
	android:name
		ADDED from [:unityLibrary] AndroidManifest.xml:20:22-77
uses-feature#android.hardware.microphone
ADDED from [:unityLibrary] AndroidManifest.xml:22:5-24:36
	android:required
		ADDED from [:unityLibrary] AndroidManifest.xml:24:9-33
	android:name
		ADDED from [:unityLibrary] AndroidManifest.xml:23:9-51
uses-feature#android.hardware.touchscreen
ADDED from [:unityLibrary] AndroidManifest.xml:25:5-27:36
	android:required
		ADDED from [:unityLibrary] AndroidManifest.xml:27:9-33
	android:name
		ADDED from [:unityLibrary] AndroidManifest.xml:26:9-52
uses-feature#android.hardware.touchscreen.multitouch
ADDED from [:unityLibrary] AndroidManifest.xml:28:5-30:36
	android:required
		ADDED from [:unityLibrary] AndroidManifest.xml:30:9-33
	android:name
		ADDED from [:unityLibrary] AndroidManifest.xml:29:9-63
uses-feature#android.hardware.touchscreen.multitouch.distinct
ADDED from [:unityLibrary] AndroidManifest.xml:31:5-33:36
	android:required
		ADDED from [:unityLibrary] AndroidManifest.xml:33:9-33
	android:name
		ADDED from [:unityLibrary] AndroidManifest.xml:32:9-72
uses-feature#android.hardware.vr.headtracking
ADDED from [:unityLibrary] AndroidManifest.xml:34:5-37:31
	android:version
		ADDED from [:unityLibrary] AndroidManifest.xml:37:9-28
	android:required
		ADDED from [:unityLibrary] AndroidManifest.xml:36:9-32
	android:name
		ADDED from [:unityLibrary] AndroidManifest.xml:35:9-56
activity#com.unity3d.player.UnityPlayerActivity
ADDED from [:unityLibrary] AndroidManifest.xml:44:9-66:20
	android:screenOrientation
		ADDED from [:unityLibrary] AndroidManifest.xml:49:13-50
	android:launchMode
		ADDED from [:unityLibrary] AndroidManifest.xml:48:13-44
	android:hardwareAccelerated
		ADDED from [:unityLibrary] AndroidManifest.xml:47:13-48
	android:configChanges
		ADDED from [:unityLibrary] AndroidManifest.xml:46:13-114
	android:theme
		ADDED from [:unityLibrary] AndroidManifest.xml:50:13-77
	android:name
		ADDED from [:unityLibrary] AndroidManifest.xml:45:13-66
intent-filter#action:name:android.intent.action.MAIN+category:name:android.intent.category.INFO
ADDED from [:unityLibrary] AndroidManifest.xml:51:13-55:29
action#android.intent.action.MAIN
ADDED from [:unityLibrary] AndroidManifest.xml:52:17-69
	android:name
		ADDED from [:unityLibrary] AndroidManifest.xml:52:25-66
category#android.intent.category.INFO
ADDED from [:unityLibrary] AndroidManifest.xml:54:17-73
	android:name
		ADDED from [:unityLibrary] AndroidManifest.xml:54:27-70
meta-data#unityplayer.UnityActivity
ADDED from [:unityLibrary] AndroidManifest.xml:57:13-59:40
	android:value
		ADDED from [:unityLibrary] AndroidManifest.xml:59:17-37
	android:name
		ADDED from [:unityLibrary] AndroidManifest.xml:58:17-57
meta-data#android.notch_support
ADDED from [:unityLibrary] AndroidManifest.xml:60:13-62:40
	android:value
		ADDED from [:unityLibrary] AndroidManifest.xml:62:17-37
	android:name
		ADDED from [:unityLibrary] AndroidManifest.xml:61:17-53
meta-data#com.oculus.vr.focusaware
ADDED from [:unityLibrary] AndroidManifest.xml:63:13-65:40
	android:value
		ADDED from [:unityLibrary] AndroidManifest.xml:65:17-37
	android:name
		ADDED from [:unityLibrary] AndroidManifest.xml:64:17-56
meta-data#unity.splash-mode
ADDED from [:unityLibrary] AndroidManifest.xml:68:9-70:33
	android:value
		ADDED from [:unityLibrary] AndroidManifest.xml:70:13-30
	android:name
		ADDED from [:unityLibrary] AndroidManifest.xml:69:13-45
meta-data#unity.splash-enable
ADDED from [:unityLibrary] AndroidManifest.xml:71:9-73:37
	android:value
		ADDED from [:unityLibrary] AndroidManifest.xml:73:13-34
	android:name
		ADDED from [:unityLibrary] AndroidManifest.xml:72:13-47
meta-data#notch.config
ADDED from [:unityLibrary] AndroidManifest.xml:74:9-76:50
	android:value
		ADDED from [:unityLibrary] AndroidManifest.xml:76:13-47
	android:name
		ADDED from [:unityLibrary] AndroidManifest.xml:75:13-40
meta-data#unity.build-id
ADDED from [:unityLibrary] AndroidManifest.xml:77:9-79:68
	android:value
		ADDED from [:unityLibrary] AndroidManifest.xml:79:13-65
	android:name
		ADDED from [:unityLibrary] AndroidManifest.xml:78:13-42
meta-data#com.samsung.android.vr.application.mode
ADDED from [:unityLibrary] AndroidManifest.xml:80:9-82:39
	android:value
		ADDED from [:unityLibrary] AndroidManifest.xml:82:13-36
	android:name
		ADDED from [:unityLibrary] AndroidManifest.xml:81:13-67
meta-data#com.oculus.supportedDevices
ADDED from [:unityLibrary] AndroidManifest.xml:83:9-85:44
	android:value
		ADDED from [:unityLibrary] AndroidManifest.xml:85:13-41
	android:name
		ADDED from [:unityLibrary] AndroidManifest.xml:84:13-55